<?xml version="1.0" encoding="UTF-8"?>
<!-- Generated by org.testng.reporters.JUnitReportReporter -->
<testsuite hostname="PS8676" name="com.vsm.casestudy.sample" tests="1" failures="0" timestamp="13 Aug 2016 09:51:06 GMT" time="4.743" errors="0">
  <testcase name="googletest" time="4.743" classname="com.vsm.casestudy.sample"/>
</testsuite> <!-- com.vsm.casestudy.sample -->
