<?xml version="1.0" encoding="UTF-8"?>
<!-- Generated by org.testng.reporters.JUnitReportReporter -->
<testsuite hostname="PS8676" name="com.vsm.casestudy.MarionetteTest" tests="1" failures="0" timestamp="16 Aug 2016 09:34:56 GMT" time="11.547" errors="0">
  <testcase name="test" time="11.547" classname="com.vsm.casestudy.MarionetteTest"/>
</testsuite> <!-- com.vsm.casestudy.MarionetteTest -->
