<?xml version="1.0" encoding="UTF-8"?>
<!-- Generated by org.testng.reporters.JUnitReportReporter -->
<testsuite hostname="PS8676" name="com.vsm.casestudy.sampleTest" tests="1" failures="0" timestamp="16 Aug 2016 13:36:42 GMT" time="3.846" errors="0">
  <testcase name="verifySuccessful_Login_ToApplication" time="3.846" classname="com.vsm.casestudy.sampleTest"/>
</testsuite> <!-- com.vsm.casestudy.sampleTest -->
