<?xml version="1.0" encoding="UTF-8"?>
<!-- Generated by org.testng.reporters.JUnitReportReporter -->
<testsuite hostname="PS8676" name="com.vsm.casestudy.ChromeAndIE" tests="1" failures="0" timestamp="13 Aug 2016 08:35:15 GMT" time="19.051" errors="0">
  <testcase name="login" time="19.051" classname="com.vsm.casestudy.ChromeAndIE"/>
</testsuite> <!-- com.vsm.casestudy.ChromeAndIE -->
