<?xml version="1.0" encoding="UTF-8"?>
<!-- Generated by org.testng.reporters.JUnitReportReporter -->
<testsuite hostname="PS8676" name="com.vsm.casestudy.loginpage" tests="1" failures="0" timestamp="13 Aug 2016 09:44:23 GMT" time="5.231" errors="0">
  <testcase name="logintest" time="5.231" classname="com.vsm.casestudy.loginpage"/>
</testsuite> <!-- com.vsm.casestudy.loginpage -->
