<?xml version="1.0" encoding="UTF-8"?>
<!-- Generated by org.testng.reporters.JUnitReportReporter -->
<testsuite hostname="PS8676" name="com.vsm.casestudy.loginpageTest" tests="1" failures="0" timestamp="17 Aug 2016 14:40:51 GMT" time="35.366" errors="0">
  <testcase name="applicationlogin" time="35.366" classname="com.vsm.casestudy.loginpageTest"/>
</testsuite> <!-- com.vsm.casestudy.loginpageTest -->
