<?xml version="1.0" encoding="UTF-8"?>
<!-- Generated by org.testng.reporters.JUnitReportReporter -->
<testsuite hostname="PS8676" name="com.vsm.casestudy.sampleTest" tests="1" failures="0" timestamp="13 Aug 2016 10:00:24 GMT" time="5.207" errors="0">
  <testcase name="googletest" time="5.207" classname="com.vsm.casestudy.sampleTest"/>
</testsuite> <!-- com.vsm.casestudy.sampleTest -->
